<?xml version="1.0" encoding="UTF-8"?>
<!-- Generated by org.testng.reporters.JUnitXMLReporter -->
<testsuite ignored="0" hostname="UMESH-PC" failures="0" tests="5" name="Default test" time="124.377" errors="0" timestamp="2024-08-11T00:52:54 IST">
  <testcase classname="com.progressional.qa.testcases.LoginTest" name="verifyLoginWithValidCredentials" time="3.542"/>
  <testcase classname="com.progressional.qa.testcases.LoginTest" name="verifyLoginWithInvalidCredentials" time="2.368"/>
  <testcase classname="com.progressional.qa.testcases.LoginTest" name="verifyLoginWithInvalidEmailAndValidPassword" time="3.503"/>
  <testcase classname="com.progressional.qa.testcases.LoginTest" name="verifyLoginWithValidEmailAndInvalidPassword" time="0.613"/>
  <testcase classname="com.progressional.qa.testcases.LoginTest" name="verifyLoginWithoutProvidingCredentials" time="0.107"/>
</testsuite> <!-- Default test -->
