<?xml version="1.0" encoding="UTF-8"?>
<!-- Generated by org.testng.reporters.JUnitXMLReporter -->
<testsuite ignored="0" hostname="UMESH-PC" failures="0" tests="5" name="Default test" time="211.55" errors="0" timestamp="2024-07-06T21:15:10 IST">
  <testcase classname="com.progressional.qa.testcases.LoginTest" name="verifyLoginWithValidCredentials" time="8.099"/>
  <testcase classname="com.progressional.qa.testcases.LoginTest" name="verifyLoginWithInvalidCredentials" time="4.959"/>
  <testcase classname="com.progressional.qa.testcases.LoginTest" name="verifyLoginWithInvalidEmailAndValidPassword" time="3.196"/>
  <testcase classname="com.progressional.qa.testcases.LoginTest" name="verifyLoginWithValidEmailAndInvalidPassword" time="1.392"/>
  <testcase classname="com.progressional.qa.testcases.LoginTest" name="verifyLoginWithoutProvidingCredentials" time="0.125"/>
</testsuite> <!-- Default test -->
