<?xml version="1.0" encoding="UTF-8"?>
<testng-results ignored="0" total="8" passed="8" failed="0" skipped="0">
  <reporter-output>
  </reporter-output>
  <suite started-at="2024-10-15T21:20:47 IST" name="Suite" finished-at="2024-10-15T21:24:27 IST" duration-ms="219526">
    <groups>
    </groups>
    <test started-at="2024-10-15T21:20:47 IST" name="Test" finished-at="2024-10-15T21:24:27 IST" duration-ms="219526">
      <class name="com.progressional.qa.testcases.RegisterTest">
        <test-method is-config="true" signature="setup()[pri:0, instance:com.progressional.qa.testcases.RegisterTest@563f38c4]" started-at="2024-10-15T21:20:49 IST" name="setup" finished-at="2024-10-15T21:21:52 IST" duration-ms="62781" status="PASS">
          <reporter-output>
          </reporter-output>
        </test-method> <!-- setup -->
        <test-method signature="verifyRegisteringAnAccountWithMandatoryFields()[pri:1, instance:com.progressional.qa.testcases.RegisterTest@563f38c4]" started-at="2024-10-15T21:21:52 IST" name="verifyRegisteringAnAccountWithMandatoryFields" finished-at="2024-10-15T21:22:04 IST" duration-ms="12266" status="PASS">
          <reporter-output>
          </reporter-output>
        </test-method> <!-- verifyRegisteringAnAccountWithMandatoryFields -->
        <test-method is-config="true" signature="tearDown()[pri:0, instance:com.progressional.qa.testcases.RegisterTest@563f38c4]" started-at="2024-10-15T21:22:04 IST" name="tearDown" finished-at="2024-10-15T21:22:10 IST" duration-ms="5304" status="PASS">
          <reporter-output>
          </reporter-output>
        </test-method> <!-- tearDown -->
        <test-method is-config="true" signature="setup()[pri:0, instance:com.progressional.qa.testcases.RegisterTest@563f38c4]" started-at="2024-10-15T21:22:10 IST" name="setup" finished-at="2024-10-15T21:22:55 IST" duration-ms="45679" status="PASS">
          <reporter-output>
          </reporter-output>
        </test-method> <!-- setup -->
        <test-method signature="verifyRegisteringAccountWithExistingEmailAddress()[pri:2, instance:com.progressional.qa.testcases.RegisterTest@563f38c4]" started-at="2024-10-15T21:22:55 IST" name="verifyRegisteringAccountWithExistingEmailAddress" finished-at="2024-10-15T21:22:56 IST" duration-ms="947" status="PASS">
          <reporter-output>
          </reporter-output>
        </test-method> <!-- verifyRegisteringAccountWithExistingEmailAddress -->
        <test-method is-config="true" signature="tearDown()[pri:0, instance:com.progressional.qa.testcases.RegisterTest@563f38c4]" started-at="2024-10-15T21:22:56 IST" name="tearDown" finished-at="2024-10-15T21:22:59 IST" duration-ms="2754" status="PASS">
          <reporter-output>
          </reporter-output>
        </test-method> <!-- tearDown -->
        <test-method is-config="true" signature="setup()[pri:0, instance:com.progressional.qa.testcases.RegisterTest@563f38c4]" started-at="2024-10-15T21:22:59 IST" name="setup" finished-at="2024-10-15T21:23:12 IST" duration-ms="13153" status="PASS">
          <reporter-output>
          </reporter-output>
        </test-method> <!-- setup -->
        <test-method signature="verifyRegisteringAccountWithoutFillingAnyDetails()[pri:3, instance:com.progressional.qa.testcases.RegisterTest@563f38c4]" started-at="2024-10-15T21:23:12 IST" name="verifyRegisteringAccountWithoutFillingAnyDetails" finished-at="2024-10-15T21:23:12 IST" duration-ms="319" status="PASS">
          <reporter-output>
          </reporter-output>
        </test-method> <!-- verifyRegisteringAccountWithoutFillingAnyDetails -->
        <test-method is-config="true" signature="tearDown()[pri:0, instance:com.progressional.qa.testcases.RegisterTest@563f38c4]" started-at="2024-10-15T21:23:12 IST" name="tearDown" finished-at="2024-10-15T21:23:13 IST" duration-ms="635" status="PASS">
          <reporter-output>
          </reporter-output>
        </test-method> <!-- tearDown -->
      </class> <!-- com.progressional.qa.testcases.RegisterTest -->
      <class name="com.progressional.qa.testcases.LoginTest">
        <test-method is-config="true" signature="setup()[pri:0, instance:com.progressional.qa.testcases.LoginTest@413d1baf]" started-at="2024-10-15T21:23:13 IST" name="setup" finished-at="2024-10-15T21:23:27 IST" duration-ms="13460" status="PASS">
          <reporter-output>
          </reporter-output>
        </test-method> <!-- setup -->
        <test-method signature="verifyLoginWithValidCredentials(java.lang.String,java.lang.String)[pri:1, instance:com.progressional.qa.testcases.LoginTest@413d1baf]" started-at="2024-10-15T21:23:27 IST" name="verifyLoginWithValidCredentials" data-provider="validCredentialsSupplier" finished-at="2024-10-15T21:23:27 IST" duration-ms="841" status="PASS">
          <params>
            <param index="0">
              <value>
                <![CDATA[umesh@yopmail.com]]>
              </value>
            </param>
            <param index="1">
              <value>
                <![CDATA[Umesh@123]]>
              </value>
            </param>
          </params>
          <reporter-output>
          </reporter-output>
        </test-method> <!-- verifyLoginWithValidCredentials -->
        <test-method is-config="true" signature="teaDown()[pri:0, instance:com.progressional.qa.testcases.LoginTest@413d1baf]" started-at="2024-10-15T21:23:27 IST" name="teaDown" finished-at="2024-10-15T21:23:28 IST" duration-ms="503" status="PASS">
          <reporter-output>
          </reporter-output>
        </test-method> <!-- teaDown -->
        <test-method is-config="true" signature="setup()[pri:0, instance:com.progressional.qa.testcases.LoginTest@413d1baf]" started-at="2024-10-15T21:23:28 IST" name="setup" finished-at="2024-10-15T21:23:39 IST" duration-ms="10722" status="PASS">
          <reporter-output>
          </reporter-output>
        </test-method> <!-- setup -->
        <test-method signature="verifyLoginWithInvalidCredentials()[pri:2, instance:com.progressional.qa.testcases.LoginTest@413d1baf]" started-at="2024-10-15T21:23:39 IST" name="verifyLoginWithInvalidCredentials" finished-at="2024-10-15T21:23:39 IST" duration-ms="551" status="PASS">
          <reporter-output>
          </reporter-output>
        </test-method> <!-- verifyLoginWithInvalidCredentials -->
        <test-method is-config="true" signature="teaDown()[pri:0, instance:com.progressional.qa.testcases.LoginTest@413d1baf]" started-at="2024-10-15T21:23:39 IST" name="teaDown" finished-at="2024-10-15T21:23:41 IST" duration-ms="1466" status="PASS">
          <reporter-output>
          </reporter-output>
        </test-method> <!-- teaDown -->
        <test-method is-config="true" signature="setup()[pri:0, instance:com.progressional.qa.testcases.LoginTest@413d1baf]" started-at="2024-10-15T21:23:41 IST" name="setup" finished-at="2024-10-15T21:23:57 IST" duration-ms="16519" status="PASS">
          <reporter-output>
          </reporter-output>
        </test-method> <!-- setup -->
        <test-method signature="verifyLoginWithInvalidEmailAndValidPassword()[pri:3, instance:com.progressional.qa.testcases.LoginTest@413d1baf]" started-at="2024-10-15T21:23:57 IST" name="verifyLoginWithInvalidEmailAndValidPassword" finished-at="2024-10-15T21:23:58 IST" duration-ms="416" status="PASS">
          <reporter-output>
          </reporter-output>
        </test-method> <!-- verifyLoginWithInvalidEmailAndValidPassword -->
        <test-method is-config="true" signature="teaDown()[pri:0, instance:com.progressional.qa.testcases.LoginTest@413d1baf]" started-at="2024-10-15T21:23:58 IST" name="teaDown" finished-at="2024-10-15T21:23:58 IST" duration-ms="580" status="PASS">
          <reporter-output>
          </reporter-output>
        </test-method> <!-- teaDown -->
        <test-method is-config="true" signature="setup()[pri:0, instance:com.progressional.qa.testcases.LoginTest@413d1baf]" started-at="2024-10-15T21:23:58 IST" name="setup" finished-at="2024-10-15T21:24:11 IST" duration-ms="13058" status="PASS">
          <reporter-output>
          </reporter-output>
        </test-method> <!-- setup -->
        <test-method signature="verifyLoginWithValidEmailAndInvalidPassword()[pri:4, instance:com.progressional.qa.testcases.LoginTest@413d1baf]" started-at="2024-10-15T21:24:11 IST" name="verifyLoginWithValidEmailAndInvalidPassword" finished-at="2024-10-15T21:24:12 IST" duration-ms="564" status="PASS">
          <reporter-output>
          </reporter-output>
        </test-method> <!-- verifyLoginWithValidEmailAndInvalidPassword -->
        <test-method is-config="true" signature="teaDown()[pri:0, instance:com.progressional.qa.testcases.LoginTest@413d1baf]" started-at="2024-10-15T21:24:12 IST" name="teaDown" finished-at="2024-10-15T21:24:13 IST" duration-ms="1262" status="PASS">
          <reporter-output>
          </reporter-output>
        </test-method> <!-- teaDown -->
        <test-method is-config="true" signature="setup()[pri:0, instance:com.progressional.qa.testcases.LoginTest@413d1baf]" started-at="2024-10-15T21:24:13 IST" name="setup" finished-at="2024-10-15T21:24:26 IST" duration-ms="13041" status="PASS">
          <reporter-output>
          </reporter-output>
        </test-method> <!-- setup -->
        <test-method signature="verifyLoginWithoutProvidingCredentials()[pri:5, instance:com.progressional.qa.testcases.LoginTest@413d1baf]" started-at="2024-10-15T21:24:26 IST" name="verifyLoginWithoutProvidingCredentials" finished-at="2024-10-15T21:24:26 IST" duration-ms="116" status="PASS">
          <reporter-output>
          </reporter-output>
        </test-method> <!-- verifyLoginWithoutProvidingCredentials -->
        <test-method is-config="true" signature="teaDown()[pri:0, instance:com.progressional.qa.testcases.LoginTest@413d1baf]" started-at="2024-10-15T21:24:26 IST" name="teaDown" finished-at="2024-10-15T21:24:27 IST" duration-ms="472" status="PASS">
          <reporter-output>
          </reporter-output>
        </test-method> <!-- teaDown -->
      </class> <!-- com.progressional.qa.testcases.LoginTest -->
    </test> <!-- Test -->
  </suite> <!-- Suite -->
</testng-results>
